<?xml version="1.0" encoding="UTF-8"?>
<!-- Generated by org.testng.reporters.JUnitXMLReporter -->
<testsuite ignored="0" hostname="DESKTOP-SB59V59" failures="2" tests="9" name="IDZlink Test" time="388.63" errors="0" timestamp="2024-10-14T13:02:40 IST">
  <testcase classname="com.idzlink.testCases.salesquatation.TC_salesquatitiondelete" name="salesquatitiondelete" time="48.634">
    <failure type="org.openqa.selenium.ElementNotInteractableException" message="element not interactable
  (Session info: chrome=129.0.6668.90)
Build info: version: &amp;apos;4.10.0&amp;apos;, revision: &amp;apos;c14d967899&amp;apos;
System info: os.name: &amp;apos;Windows 10&amp;apos;, os.arch: &amp;apos;amd64&amp;apos;, os.version: &amp;apos;10.0&amp;apos;, java.version: &amp;apos;22.0.2&amp;apos;
Driver info: org.openqa.selenium.chrome.ChromeDriver
Command: [2bc6fb344aa8d980231e365a9de53f84, clickElement {id=f.1184B41D59BC2D84316254E2DEC2782B.d.FBD7B5BAB75F6396F9B8A9058EC17150.e.182}]
Capabilities {acceptInsecureCerts: true, browserName: chrome, browserVersion: 129.0.6668.90, chrome: {chromedriverVersion: 128.0.6613.84 (606aa55c7d68..., userDataDir: C:\Users\FIES41~1\AppData\L...}, fedcm:accounts: true, goog:chromeOptions: {debuggerAddress: localhost:52652}, networkConnectionEnabled: false, pageLoadStrategy: normal, platformName: windows, proxy: Proxy(), se:cdp: ws://localhost:52652/devtoo..., se:cdpVersion: 129.0.6668.90, setWindowRect: true, strictFileInteractability: false, timeouts: {implicit: 0, pageLoad: 300000, script: 30000}, unhandledPromptBehavior: dismiss and notify, webauthn:extension:credBlob: true, webauthn:extension:largeBlob: true, webauthn:extension:minPinLength: true, webauthn:extension:prf: true, webauthn:virtualAuthenticators: true}
Element: [[ChromeDriver: chrome on windows (2bc6fb344aa8d980231e365a9de53f84)] -&amp;gt; xpath: //span[@class=&amp;apos;maincatName&amp;apos;][normalize-space()=&amp;apos;Sales Quotation&amp;apos;]]
Session ID: 2bc6fb344aa8d980231e365a9de53f84">
      <![CDATA[org.openqa.selenium.ElementNotInteractableException: element not interactable
  (Session info: chrome=129.0.6668.90)
Build info: version: '4.10.0', revision: 'c14d967899'
System info: os.name: 'Windows 10', os.arch: 'amd64', os.version: '10.0', java.version: '22.0.2'
Driver info: org.openqa.selenium.chrome.ChromeDriver
Command: [2bc6fb344aa8d980231e365a9de53f84, clickElement {id=f.1184B41D59BC2D84316254E2DEC2782B.d.FBD7B5BAB75F6396F9B8A9058EC17150.e.182}]
Capabilities {acceptInsecureCerts: true, browserName: chrome, browserVersion: 129.0.6668.90, chrome: {chromedriverVersion: 128.0.6613.84 (606aa55c7d68..., userDataDir: C:\Users\FIES41~1\AppData\L...}, fedcm:accounts: true, goog:chromeOptions: {debuggerAddress: localhost:52652}, networkConnectionEnabled: false, pageLoadStrategy: normal, platformName: windows, proxy: Proxy(), se:cdp: ws://localhost:52652/devtoo..., se:cdpVersion: 129.0.6668.90, setWindowRect: true, strictFileInteractability: false, timeouts: {implicit: 0, pageLoad: 300000, script: 30000}, unhandledPromptBehavior: dismiss and notify, webauthn:extension:credBlob: true, webauthn:extension:largeBlob: true, webauthn:extension:minPinLength: true, webauthn:extension:prf: true, webauthn:virtualAuthenticators: true}
Element: [[ChromeDriver: chrome on windows (2bc6fb344aa8d980231e365a9de53f84)] -> xpath: //span[@class='maincatName'][normalize-space()='Sales Quotation']]
Session ID: 2bc6fb344aa8d980231e365a9de53f84
at org.openqa.selenium.remote.codec.w3c.W3CHttpResponseCodec.createException(W3CHttpResponseCodec.java:199)
at org.openqa.selenium.remote.codec.w3c.W3CHttpResponseCodec.decode(W3CHttpResponseCodec.java:132)
at org.openqa.selenium.remote.codec.w3c.W3CHttpResponseCodec.decode(W3CHttpResponseCodec.java:51)
at org.openqa.selenium.remote.HttpCommandExecutor.execute(HttpCommandExecutor.java:191)
at org.openqa.selenium.remote.service.DriverCommandExecutor.invokeExecute(DriverCommandExecutor.java:196)
at org.openqa.selenium.remote.service.DriverCommandExecutor.execute(DriverCommandExecutor.java:171)
at org.openqa.selenium.remote.RemoteWebDriver.execute(RemoteWebDriver.java:531)
at org.openqa.selenium.remote.RemoteWebElement.execute(RemoteWebElement.java:242)
at org.openqa.selenium.remote.RemoteWebElement.click(RemoteWebElement.java:77)
at org.openqa.selenium.support.pagefactory.internal.LocatingElementHandler.invoke(LocatingElementHandler.java:51)
at jdk.proxy2/jdk.proxy2.$Proxy18.click(Unknown Source)
at com.idzlink.pageObjects.SalesQuatation.opensalesquatation(SalesQuatation.java:125)
at com.idzlink.testCases.salesquatation.TC_salesquatitiondelete.salesquatitiondelete(TC_salesquatitiondelete.java:32)
at java.base/java.util.ArrayList.forEach(ArrayList.java:1597)
... Removed 30 stack frames]]>
    </failure>
  </testcase> <!-- salesquatitiondelete -->
  <testcase classname="com.idzlink.testCases.salesquatation.TC_validationoftotalamountsalesquotation" name="validationoftotalamountsalesquotation" time="33.388"/>
  <testcase classname="com.idzlink.testCases.salesquatation.TC_SalesquatationSave" name="savesalesquatation" time="36.224"/>
  <testcase classname="com.idzlink.testCases.salesquatation.TC_SalesquatationShortcutsave" name="SalesquatationShortcutsave" time="34.861"/>
  <testcase classname="com.idzlink.testCases.salesquatation.TC_covertionofsalesquatationtopos" name="covertionofsalesquatationtopos" time="94.878"/>
  <testcase classname="com.idzlink.testCases.salesquatation.TC_salesQuatationEditTotalamoutValidation" name="salesQuatationEditTotalamoutValidation" time="42.442"/>
  <testcase classname="com.idzlink.testCases.salesquatation.TC_serachentersalesquotation" name="serachentersalesquotation" time="39.554"/>
  <testcase classname="com.idzlink.testCases.salesquatation.TC_salesquatationConfirmSave" name="salesquatationConfirmSave" time="11.232">
    <failure type="org.openqa.selenium.ElementClickInterceptedException" message="element click intercepted: Element &amp;lt;a class=&amp;quot;introjs-skipbutton&amp;quot; role=&amp;quot;button&amp;quot; tabindex=&amp;quot;0&amp;quot;&amp;gt;...&amp;lt;/a&amp;gt; is not clickable at point (237, 323). Other element would receive the click: &amp;lt;div class=&amp;quot;loader&amp;quot;&amp;gt;...&amp;lt;/div&amp;gt;
  (Session info: chrome=129.0.6668.90)
Build info: version: &amp;apos;4.10.0&amp;apos;, revision: &amp;apos;c14d967899&amp;apos;
System info: os.name: &amp;apos;Windows 10&amp;apos;, os.arch: &amp;apos;amd64&amp;apos;, os.version: &amp;apos;10.0&amp;apos;, java.version: &amp;apos;22.0.2&amp;apos;
Driver info: org.openqa.selenium.chrome.ChromeDriver
Command: [c0429496fee7b6c839f3d32db0ea0f68, clickElement {id=f.48785A5D5C36E2755198B7933ADB77E3.d.06760EA39EDB476A083E66A1D595BDD1.e.117}]
Capabilities {acceptInsecureCerts: true, browserName: chrome, browserVersion: 129.0.6668.90, chrome: {chromedriverVersion: 128.0.6613.84 (606aa55c7d68..., userDataDir: C:\Users\FIES41~1\AppData\L...}, fedcm:accounts: true, goog:chromeOptions: {debuggerAddress: localhost:53141}, networkConnectionEnabled: false, pageLoadStrategy: normal, platformName: windows, proxy: Proxy(), se:cdp: ws://localhost:53141/devtoo..., se:cdpVersion: 129.0.6668.90, setWindowRect: true, strictFileInteractability: false, timeouts: {implicit: 0, pageLoad: 300000, script: 30000}, unhandledPromptBehavior: dismiss and notify, webauthn:extension:credBlob: true, webauthn:extension:largeBlob: true, webauthn:extension:minPinLength: true, webauthn:extension:prf: true, webauthn:virtualAuthenticators: true}
Element: [[ChromeDriver: chrome on windows (c0429496fee7b6c839f3d32db0ea0f68)] -&amp;gt; xpath: //a[normalize-space()=&amp;apos;×&amp;apos;]]
Session ID: c0429496fee7b6c839f3d32db0ea0f68">
      <![CDATA[org.openqa.selenium.ElementClickInterceptedException: element click intercepted: Element <a class="introjs-skipbutton" role="button" tabindex="0">...</a> is not clickable at point (237, 323). Other element would receive the click: <div class="loader">...</div>
  (Session info: chrome=129.0.6668.90)
Build info: version: '4.10.0', revision: 'c14d967899'
System info: os.name: 'Windows 10', os.arch: 'amd64', os.version: '10.0', java.version: '22.0.2'
Driver info: org.openqa.selenium.chrome.ChromeDriver
Command: [c0429496fee7b6c839f3d32db0ea0f68, clickElement {id=f.48785A5D5C36E2755198B7933ADB77E3.d.06760EA39EDB476A083E66A1D595BDD1.e.117}]
Capabilities {acceptInsecureCerts: true, browserName: chrome, browserVersion: 129.0.6668.90, chrome: {chromedriverVersion: 128.0.6613.84 (606aa55c7d68..., userDataDir: C:\Users\FIES41~1\AppData\L...}, fedcm:accounts: true, goog:chromeOptions: {debuggerAddress: localhost:53141}, networkConnectionEnabled: false, pageLoadStrategy: normal, platformName: windows, proxy: Proxy(), se:cdp: ws://localhost:53141/devtoo..., se:cdpVersion: 129.0.6668.90, setWindowRect: true, strictFileInteractability: false, timeouts: {implicit: 0, pageLoad: 300000, script: 30000}, unhandledPromptBehavior: dismiss and notify, webauthn:extension:credBlob: true, webauthn:extension:largeBlob: true, webauthn:extension:minPinLength: true, webauthn:extension:prf: true, webauthn:virtualAuthenticators: true}
Element: [[ChromeDriver: chrome on windows (c0429496fee7b6c839f3d32db0ea0f68)] -> xpath: //a[normalize-space()='×']]
Session ID: c0429496fee7b6c839f3d32db0ea0f68
at org.openqa.selenium.remote.codec.w3c.W3CHttpResponseCodec.createException(W3CHttpResponseCodec.java:199)
at org.openqa.selenium.remote.codec.w3c.W3CHttpResponseCodec.decode(W3CHttpResponseCodec.java:132)
at org.openqa.selenium.remote.codec.w3c.W3CHttpResponseCodec.decode(W3CHttpResponseCodec.java:51)
at org.openqa.selenium.remote.HttpCommandExecutor.execute(HttpCommandExecutor.java:191)
at org.openqa.selenium.remote.service.DriverCommandExecutor.invokeExecute(DriverCommandExecutor.java:196)
at org.openqa.selenium.remote.service.DriverCommandExecutor.execute(DriverCommandExecutor.java:171)
at org.openqa.selenium.remote.RemoteWebDriver.execute(RemoteWebDriver.java:531)
at org.openqa.selenium.remote.RemoteWebElement.execute(RemoteWebElement.java:242)
at org.openqa.selenium.remote.RemoteWebElement.click(RemoteWebElement.java:77)
at org.openqa.selenium.support.pagefactory.internal.LocatingElementHandler.invoke(LocatingElementHandler.java:51)
at jdk.proxy2/jdk.proxy2.$Proxy18.click(Unknown Source)
at com.idzlink.pageObjects.LoginPage.closebtn(LoginPage.java:65)
at com.idzlink.testCases.BaseClass.intilization(BaseClass.java:162)
at com.idzlink.testCases.salesquatation.TC_salesquatationConfirmSave.salesquatationConfirmSave(TC_salesquatationConfirmSave.java:17)
at java.base/java.util.ArrayList.forEach(ArrayList.java:1597)
... Removed 30 stack frames]]>
    </failure>
  </testcase> <!-- salesquatationConfirmSave -->
  <testcase classname="com.idzlink.testCases.salesquatation.TC_refreshsalesquotation" name="refreshsalesquotation" time="23.586"/>
</testsuite> <!-- IDZlink Test -->
